[debug] [2019-06-20T16:39:36.736Z] ----------------------------------------------------------------------
[debug] [2019-06-20T16:39:36.737Z] Command:       /usr/local/bin/node /usr/local/bin/firebase deploy
[debug] [2019-06-20T16:39:36.738Z] CLI Version:   7.0.1
[debug] [2019-06-20T16:39:36.738Z] Platform:      darwin
[debug] [2019-06-20T16:39:36.738Z] Node Version:  v10.16.0
[debug] [2019-06-20T16:39:36.738Z] Time:          Thu Jun 20 2019 10:39:36 GMT-0600 (Mountain Daylight Time)
[debug] [2019-06-20T16:39:36.738Z] ----------------------------------------------------------------------
[debug] 
[debug] [2019-06-20T16:39:36.746Z] > command requires scopes: ["email","openid","https://www.googleapis.com/auth/cloudplatformprojects.readonly","https://www.googleapis.com/auth/firebase","https://www.googleapis.com/auth/cloud-platform"]
[debug] [2019-06-20T16:39:36.746Z] > authorizing via signed-in user
[debug] [2019-06-20T16:39:36.746Z] [iam] checking project selly-slack for permissions ["firebase.projects.get","firebasehosting.sites.update"]
[debug] [2019-06-20T16:39:36.748Z] >>> HTTP REQUEST POST https://cloudresourcemanager.googleapis.com/v1/projects/selly-slack:testIamPermissions  

[debug] [2019-06-20T16:39:37.659Z] <<< HTTP RESPONSE 200
[debug] [2019-06-20T16:39:37.662Z] >>> HTTP REQUEST GET https://firebase.googleapis.com/v1beta1/projects/selly-slack  
 
[debug] [2019-06-20T16:39:38.184Z] <<< HTTP RESPONSE 200
[info] 
[info] === Deploying to 'selly-slack'...
[info] 
[info] i  deploying hosting
[debug] [2019-06-20T16:39:38.190Z] >>> HTTP REQUEST POST https://firebasehosting.googleapis.com/v1beta1/sites/selly-slack/versions  

[debug] [2019-06-20T16:39:39.704Z] <<< HTTP RESPONSE 200
[info] i  hosting[selly-slack]: beginning deploy...
[debug] [2019-06-20T16:39:54.037Z] Error: EPERM: operation not permitted, scandir '/Users/rylandking/Library/Application Support/CallHistoryDB'
    at Object.readdirSync (fs.js:790:3)
    at GlobSync._readdir (/usr/local/lib/node_modules/firebase-tools/node_modules/glob/sync.js:288:41)
    at GlobSync._readdirInGlobStar (/usr/local/lib/node_modules/firebase-tools/node_modules/glob/sync.js:245:17)
    at GlobSync._readdir (/usr/local/lib/node_modules/firebase-tools/node_modules/glob/sync.js:276:17)
    at GlobSync._processReaddir (/usr/local/lib/node_modules/firebase-tools/node_modules/glob/sync.js:137:22)
    at GlobSync._process (/usr/local/lib/node_modules/firebase-tools/node_modules/glob/sync.js:132:10)
    at GlobSync._processGlobStar (/usr/local/lib/node_modules/firebase-tools/node_modules/glob/sync.js:380:10)
    at GlobSync._process (/usr/local/lib/node_modules/firebase-tools/node_modules/glob/sync.js:130:10)
    at GlobSync._processGlobStar (/usr/local/lib/node_modules/firebase-tools/node_modules/glob/sync.js:383:10)
    at GlobSync._process (/usr/local/lib/node_modules/firebase-tools/node_modules/glob/sync.js:130:10)
[error] 
[error] Error: An unexpected error has occurred.
[debug] [2019-06-20T16:41:18.927Z] ----------------------------------------------------------------------
[debug] [2019-06-20T16:41:18.930Z] Command:       /usr/local/bin/node /usr/local/bin/firebase deploy --debug
[debug] [2019-06-20T16:41:18.931Z] CLI Version:   7.0.1
[debug] [2019-06-20T16:41:18.931Z] Platform:      darwin
[debug] [2019-06-20T16:41:18.931Z] Node Version:  v10.16.0
[debug] [2019-06-20T16:41:18.931Z] Time:          Thu Jun 20 2019 10:41:18 GMT-0600 (Mountain Daylight Time)
[debug] [2019-06-20T16:41:18.931Z] ----------------------------------------------------------------------
[debug] 
[debug] [2019-06-20T16:41:18.943Z] > command requires scopes: ["email","openid","https://www.googleapis.com/auth/cloudplatformprojects.readonly","https://www.googleapis.com/auth/firebase","https://www.googleapis.com/auth/cloud-platform"]
[debug] [2019-06-20T16:41:18.943Z] > authorizing via signed-in user
[debug] [2019-06-20T16:41:18.943Z] [iam] checking project selly-slack for permissions ["firebase.projects.get","firebasehosting.sites.update"]
[debug] [2019-06-20T16:41:18.945Z] >>> HTTP REQUEST POST https://cloudresourcemanager.googleapis.com/v1/projects/selly-slack:testIamPermissions  

[debug] [2019-06-20T16:41:19.249Z] <<< HTTP RESPONSE 200
[debug] [2019-06-20T16:41:19.252Z] >>> HTTP REQUEST GET https://firebase.googleapis.com/v1beta1/projects/selly-slack  
 
[debug] [2019-06-20T16:41:19.489Z] <<< HTTP RESPONSE 200
[info] 
[info] === Deploying to 'selly-slack'...
[info] 
[info] i  deploying hosting
[debug] [2019-06-20T16:41:19.493Z] >>> HTTP REQUEST POST https://firebasehosting.googleapis.com/v1beta1/sites/selly-slack/versions  

[debug] [2019-06-20T16:41:20.301Z] <<< HTTP RESPONSE 200
[info] i  hosting[selly-slack]: beginning deploy...
[debug] [2019-06-20T16:41:23.469Z] Error: EPERM: operation not permitted, scandir '/Users/rylandking/Library/Application Support/CallHistoryDB'
    at Object.readdirSync (fs.js:790:3)
    at GlobSync._readdir (/usr/local/lib/node_modules/firebase-tools/node_modules/glob/sync.js:288:41)
    at GlobSync._readdirInGlobStar (/usr/local/lib/node_modules/firebase-tools/node_modules/glob/sync.js:245:17)
    at GlobSync._readdir (/usr/local/lib/node_modules/firebase-tools/node_modules/glob/sync.js:276:17)
    at GlobSync._processReaddir (/usr/local/lib/node_modules/firebase-tools/node_modules/glob/sync.js:137:22)
    at GlobSync._process (/usr/local/lib/node_modules/firebase-tools/node_modules/glob/sync.js:132:10)
    at GlobSync._processGlobStar (/usr/local/lib/node_modules/firebase-tools/node_modules/glob/sync.js:380:10)
    at GlobSync._process (/usr/local/lib/node_modules/firebase-tools/node_modules/glob/sync.js:130:10)
    at GlobSync._processGlobStar (/usr/local/lib/node_modules/firebase-tools/node_modules/glob/sync.js:383:10)
    at GlobSync._process (/usr/local/lib/node_modules/firebase-tools/node_modules/glob/sync.js:130:10)
[error] 
[error] Error: An unexpected error has occurred.
